<?xml version="1.0" encoding="UTF-8"?>
<!-- Generated by org.testng.reporters.JUnitReportReporter -->
<testsuite hostname="DESKTOP-GFV28OS" failures="0" tests="2" name="testPackage.Test3" time="0.004" errors="0" timestamp="2025-07-05T23:57:18 IST" skipped="0">
  <testcase classname="testPackage.Test3" name="loginTest3" time="0.002"/>
  <testcase classname="testPackage.Test3" name="homeTest3" time="0.002"/>
</testsuite> <!-- testPackage.Test3 -->
